[pool-1-thread-4] INFO  Node  - Node 2. Updated distance to others: 0: -1 | 1: 4 | 2: 0 | 3: 10 | 4: -1 | 5: -1 | 6: -1
[pool-1-thread-1] INFO  Node  - Node 4. Updated distance to others: 0: -1 | 1: -1 | 2: -1 | 3: -1 | 4: 0 | 5: -1 | 6: -1
[pool-1-thread-5] INFO  Node  - Node 3. Updated distance to others: 0: -1 | 1: -1 | 2: 10 | 3: 0 | 4: -1 | 5: 1 | 6: 1
[pool-1-thread-2] INFO  Node  - Node 0. Updated distance to others: 0: 0 | 1: 3 | 2: -1 | 3: -1 | 4: -1 | 5: 1 | 6: 1
[pool-1-thread-3] INFO  Node  - Node 1. Updated distance to others: 0: 3 | 1: 0 | 2: 4 | 3: -1 | 4: -1 | 5: -1 | 6: 2
[pool-1-thread-5] INFO  Node  - Node 6. Updated distance to others: 0: 1 | 1: 2 | 2: -1 | 3: 1 | 4: -1 | 5: 5 | 6: 0
[pool-1-thread-1] INFO  Node  - Node 5. Updated distance to others: 0: 1 | 1: -1 | 2: -1 | 3: 1 | 4: -1 | 5: 0 | 6: 5
[pool-1-thread-5] INFO  Node  - Node 1. Update from neighbour: 2
[pool-1-thread-4] INFO  Node  - Node 2. Update from neighbour: 3
[pool-1-thread-5] INFO  Node  - Node 1. Updated distance to others: 0: 3 | 1: 0 | 2: 4 | 3: 14 | 4: -1 | 5: -1 | 6: 2
[pool-1-thread-4] INFO  Node  - Node 2. Updated distance to others: 0: -1 | 1: 4 | 2: 0 | 3: 10 | 4: -1 | 5: 11 | 6: 11
[pool-1-thread-4] INFO  Node  - Node 2. Update from neighbour: 1
[pool-1-thread-4] INFO  Node  - Node 2. Updated distance to others: 0: 7 | 1: 4 | 2: 0 | 3: 10 | 4: -1 | 5: 11 | 6: 6
[pool-1-thread-4] INFO  Node  - Node 5. Update from neighbour: 3
[pool-1-thread-5] INFO  Node  - Node 1. Update from neighbour: 0
[pool-1-thread-4] INFO  Node  - Node 5. Updated distance to others: 0: 1 | 1: -1 | 2: 11 | 3: 1 | 4: -1 | 5: 0 | 6: 2
[pool-1-thread-4] INFO  Node  - Node 5. Update from neighbour: 0
[pool-1-thread-4] INFO  Node  - Node 5. Updated distance to others: 0: 1 | 1: 4 | 2: 11 | 3: 1 | 4: -1 | 5: 0 | 6: 2
[pool-1-thread-4] INFO  Node  - Node 5. Update from neighbour: 6
[pool-1-thread-4] INFO  Node  - Node 6. Update from neighbour: 3
[pool-1-thread-4] INFO  Node  - Node 6. Updated distance to others: 0: 1 | 1: 2 | 2: 11 | 3: 1 | 4: -1 | 5: 2 | 6: 0
[pool-1-thread-5] INFO  Node  - Node 1. Updated distance to others: 0: 3 | 1: 0 | 2: 4 | 3: 14 | 4: -1 | 5: 4 | 6: 2
[pool-1-thread-2] INFO  Node  - Node 0. Update from neighbour: 1
[pool-1-thread-2] INFO  Node  - Node 0. Updated distance to others: 0: 0 | 1: 3 | 2: 7 | 3: -1 | 4: -1 | 5: 1 | 6: 1
[pool-1-thread-3] INFO  Node  - Node 3. Update from neighbour: 6
[pool-1-thread-3] INFO  Node  - Node 3. Updated distance to others: 0: 2 | 1: 3 | 2: 10 | 3: 0 | 4: -1 | 5: 1 | 6: 1
[pool-1-thread-5] INFO  Node  - Node 1. Update from neighbour: 6
[pool-1-thread-1] INFO  Node  - Node 2. Update from neighbour: 1
[pool-1-thread-5] INFO  Node  - Node 1. Updated distance to others: 0: 3 | 1: 0 | 2: 4 | 3: 3 | 4: -1 | 5: 4 | 6: 2
[pool-1-thread-4] INFO  Node  - Node 6. Update from neighbour: 0
[pool-1-thread-3] INFO  Node  - Node 3. Update from neighbour: 5
[pool-1-thread-4] INFO  Node  - Node 6. Update from neighbour: 1
[pool-1-thread-5] INFO  Node  - Node 1. Update from neighbour: 2
[pool-1-thread-1] INFO  Node  - Node 2. Update from neighbour: 3
[pool-1-thread-4] INFO  Node  - Node 6. Updated distance to others: 0: 1 | 1: 2 | 2: 6 | 3: 1 | 4: -1 | 5: 2 | 6: 0
[pool-1-thread-3] INFO  Node  - Node 3. Update from neighbour: 2
[pool-1-thread-5] INFO  Node  - Node 1. Update from neighbour: 2
[pool-1-thread-3] INFO  Node  - Node 3. Update from neighbour: 2
[pool-1-thread-1] INFO  Node  - Node 2. Update from neighbour: 1
[pool-1-thread-5] INFO  Node  - Node 1. Update from neighbour: 6
[pool-1-thread-4] INFO  Node  - Node 6. Update from neighbour: 5
[pool-1-thread-2] INFO  Node  - Node 0. Update from neighbour: 6
[pool-1-thread-3] INFO  Node  - Node 3. Update from neighbour: 2
[pool-1-thread-2] INFO  Node  - Node 0. Updated distance to others: 0: 0 | 1: 3 | 2: 7 | 3: 2 | 4: -1 | 5: 1 | 6: 1
[pool-1-thread-1] INFO  Node  - Node 2. Updated distance to others: 0: 7 | 1: 4 | 2: 0 | 3: 10 | 4: -1 | 5: 8 | 6: 6
[pool-1-thread-3] INFO  Node  - Node 3. Update from neighbour: 5
[pool-1-thread-5] INFO  Node  - Node 1. Update from neighbour: 0
[pool-1-thread-4] INFO  Node  - Node 6. Update from neighbour: 1
[pool-1-thread-3] INFO  Node  - Node 3. Update from neighbour: 5
[pool-1-thread-2] INFO  Node  - Node 0. Update from neighbour: 5
[pool-1-thread-1] INFO  Node  - Node 5. Update from neighbour: 6
[pool-1-thread-2] INFO  Node  - Node 0. Update from neighbour: 1
[pool-1-thread-3] INFO  Node  - Node 3. Update from neighbour: 6
[pool-1-thread-4] INFO  Node  - Node 6. Update from neighbour: 5
[pool-1-thread-3] INFO  Node  - Node 3. Update from neighbour: 6
[pool-1-thread-2] INFO  Node  - Node 0. Update from neighbour: 5
[pool-1-thread-1] INFO  Node  - Node 5. Update from neighbour: 3
[pool-1-thread-5] INFO  Node  - Node 2. Update from neighbour: 1
[pool-1-thread-3] INFO  Node  - Node 3. Updated distance to others: 0: 2 | 1: 3 | 2: 7 | 3: 0 | 4: -1 | 5: 1 | 6: 1
[pool-1-thread-2] INFO  Node  - Node 0. Update from neighbour: 5
[pool-1-thread-4] INFO  Node  - Node 6. Update from neighbour: 5
[pool-1-thread-1] INFO  Node  - Node 5. Update from neighbour: 0
[pool-1-thread-4] INFO  Node  - Node 6. Update from neighbour: 1
[pool-1-thread-5] INFO  Node  - Node 2. Updated distance to others: 0: 7 | 1: 4 | 2: 0 | 3: 7 | 4: -1 | 5: 8 | 6: 6
[pool-1-thread-4] INFO  Node  - Node 6. Update from neighbour: 3
[pool-1-thread-3] INFO  Node  - Node 3. Update from neighbour: 2
[pool-1-thread-1] INFO  Node  - Node 5. Updated distance to others: 0: 1 | 1: 4 | 2: 8 | 3: 1 | 4: -1 | 5: 0 | 6: 2
[pool-1-thread-2] INFO  Node  - Node 0. Update from neighbour: 6
[pool-1-thread-2] INFO  Node  - Node 0. Update from neighbour: 1
[pool-1-thread-4] INFO  Node  - Node 6. Update from neighbour: 1
[pool-1-thread-1] INFO  Node  - Node 5. Update from neighbour: 6
[pool-1-thread-4] INFO  Node  - Node 6. Update from neighbour: 0
[pool-1-thread-2] INFO  Node  - Node 0. Update from neighbour: 1
[pool-1-thread-5] INFO  Node  - Node 1. Update from neighbour: 6
[pool-1-thread-4] INFO  Node  - Node 6. Update from neighbour: 0
[pool-1-thread-1] INFO  Node  - Node 5. Update from neighbour: 0
[pool-1-thread-4] INFO  Node  - Node 6. Update from neighbour: 3
[pool-1-thread-2] INFO  Node  - Node 0. Update from neighbour: 6
[pool-1-thread-1] INFO  Node  - Node 5. Update from neighbour: 3
[pool-1-thread-2] INFO  Node  - Node 0. Update from neighbour: 5
[pool-1-thread-4] INFO  Node  - Node 6. Update from neighbour: 5
[pool-1-thread-3] INFO  Node  - Node 2. Update from neighbour: 3
[pool-1-thread-2] INFO  Node  - Node 3. Update from neighbour: 2
[pool-1-thread-5] INFO  Node  - Node 1. Update from neighbour: 0
[pool-1-thread-2] INFO  Node  - Node 3. Update from neighbour: 5
[pool-1-thread-5] INFO  Node  - Node 1. Update from neighbour: 2
[pool-1-thread-5] INFO  Node  - Node 1. Update from neighbour: 2
[pool-1-thread-3] INFO  Node  - Node 1. Updated distance to others: 0: 3 | 1: 0 | 2: 4 | 3: -1 | 4: -1 | 5: -1 | 6: 2
[pool-1-thread-1] INFO  Node  - Node 4. Updated distance to others: 0: -1 | 1: -1 | 2: -1 | 3: -1 | 4: 0 | 5: -1 | 6: -1
[pool-1-thread-4] INFO  Node  - Node 2. Updated distance to others: 0: -1 | 1: 4 | 2: 0 | 3: 10 | 4: -1 | 5: -1 | 6: -1
[pool-1-thread-2] INFO  Node  - Node 0. Updated distance to others: 0: 0 | 1: 3 | 2: -1 | 3: -1 | 4: -1 | 5: 1 | 6: 1
[pool-1-thread-5] INFO  Node  - Node 3. Updated distance to others: 0: -1 | 1: -1 | 2: 10 | 3: 0 | 4: -1 | 5: 1 | 6: 1
[pool-1-thread-1] INFO  Node  - Node 5. Updated distance to others: 0: 1 | 1: -1 | 2: -1 | 3: 1 | 4: -1 | 5: 0 | 6: 5
[pool-1-thread-4] INFO  Node  - Node 6. Updated distance to others: 0: 1 | 1: 2 | 2: -1 | 3: 1 | 4: -1 | 5: 5 | 6: 0
[pool-1-thread-5] INFO  Node  - Node 1. Update from neighbour: 0
[pool-1-thread-2] INFO  Node  - Node 3. Update from neighbour: 2
[pool-1-thread-4] INFO  Node  - Node 5. Update from neighbour: 6
[pool-1-thread-1] INFO  Node  - Node 0. Update from neighbour: 5
[pool-1-thread-3] INFO  Node  - Node 2. Update from neighbour: 3
[pool-1-thread-1] INFO  Node  - Node 0. Updated distance to others: 0: 0 | 1: 3 | 2: -1 | 3: 2 | 4: -1 | 5: 1 | 6: 1
[pool-1-thread-4] INFO  Node  - Node 5. Updated distance to others: 0: 1 | 1: 7 | 2: -1 | 3: 1 | 4: -1 | 5: 0 | 6: 5
[pool-1-thread-2] INFO  Node  - Node 3. Updated distance to others: 0: -1 | 1: 14 | 2: 10 | 3: 0 | 4: -1 | 5: 1 | 6: 1
[pool-1-thread-5] INFO  Node  - Node 1. Updated distance to others: 0: 3 | 1: 0 | 2: 4 | 3: -1 | 4: -1 | 5: 4 | 6: 2
[pool-1-thread-2] INFO  Node  - Node 3. Update from neighbour: 6
[pool-1-thread-3] INFO  Node  - Node 2. Updated distance to others: 0: -1 | 1: 4 | 2: 0 | 3: 10 | 4: -1 | 5: 11 | 6: 11
[pool-1-thread-4] INFO  Node  - Node 5. Update from neighbour: 3
[pool-1-thread-1] INFO  Node  - Node 0. Update from neighbour: 1
[pool-1-thread-4] INFO  Node  - Node 5. Updated distance to others: 0: 1 | 1: 7 | 2: 11 | 3: 1 | 4: -1 | 5: 0 | 6: 2
[pool-1-thread-5] INFO  Node  - Node 1. Update from neighbour: 2
[pool-1-thread-1] INFO  Node  - Node 0. Updated distance to others: 0: 0 | 1: 3 | 2: 7 | 3: 2 | 4: -1 | 5: 1 | 6: 1
[pool-1-thread-2] INFO  Node  - Node 3. Updated distance to others: 0: 2 | 1: 3 | 2: 10 | 3: 0 | 4: -1 | 5: 1 | 6: 1
[pool-1-thread-5] INFO  Node  - Node 1. Updated distance to others: 0: 3 | 1: 0 | 2: 4 | 3: 14 | 4: -1 | 5: 4 | 6: 2
[pool-1-thread-4] INFO  Node  - Node 5. Update from neighbour: 0
[pool-1-thread-3] INFO  Node  - Node 2. Update from neighbour: 1
[pool-1-thread-1] INFO  Node  - Node 0. Update from neighbour: 6
[pool-1-thread-5] INFO  Node  - Node 1. Update from neighbour: 6
[pool-1-thread-2] INFO  Node  - Node 3. Update from neighbour: 5
[pool-1-thread-1] INFO  Node  - Node 6. Update from neighbour: 3
[pool-1-thread-1] INFO  Node  - Node 6. Updated distance to others: 0: 1 | 1: 2 | 2: 11 | 3: 1 | 4: -1 | 5: 2 | 6: 0
[pool-1-thread-5] INFO  Node  - Node 1. Updated distance to others: 0: 3 | 1: 0 | 2: 4 | 3: 3 | 4: -1 | 5: 4 | 6: 2
[pool-1-thread-3] INFO  Node  - Node 2. Updated distance to others: 0: 7 | 1: 4 | 2: 0 | 3: 10 | 4: -1 | 5: 11 | 6: 6
[pool-1-thread-4] INFO  Node  - Node 5. Updated distance to others: 0: 1 | 1: 4 | 2: 11 | 3: 1 | 4: -1 | 5: 0 | 6: 2
[pool-1-thread-1] INFO  Node  - Node 6. Update from neighbour: 5
[pool-1-thread-5] INFO  Node  - Node 1. Update from neighbour: 0
[pool-1-thread-3] INFO  Node  - Node 3. Update from neighbour: 5
[pool-1-thread-4] INFO  Node  - Node 0. Update from neighbour: 5
[pool-1-thread-1] INFO  Node  - Node 6. Update from neighbour: 1
[pool-1-thread-1] INFO  Node  - Node 6. Updated distance to others: 0: 1 | 1: 2 | 2: 6 | 3: 1 | 4: -1 | 5: 2 | 6: 0
[pool-1-thread-2] INFO  Node  - Node 5. Update from neighbour: 0
[pool-1-thread-4] INFO  Node  - Node 0. Update from neighbour: 1
[pool-1-thread-3] INFO  Node  - Node 3. Update from neighbour: 2
[pool-1-thread-1] INFO  Node  - Node 6. Update from neighbour: 0
[pool-1-thread-5] INFO  Node  - Node 1. Update from neighbour: 2
[pool-1-thread-2] INFO  Node  - Node 5. Update from neighbour: 3
[pool-1-thread-3] INFO  Node  - Node 3. Update from neighbour: 5
[pool-1-thread-2] INFO  Node  - Node 5. Update from neighbour: 3
[pool-1-thread-5] INFO  Node  - Node 1. Update from neighbour: 0
[pool-1-thread-1] INFO  Node  - Node 6. Update from neighbour: 5
[pool-1-thread-5] INFO  Node  - Node 1. Update from neighbour: 2
[pool-1-thread-4] INFO  Node  - Node 0. Update from neighbour: 5
[pool-1-thread-1] INFO  Node  - Node 6. Update from neighbour: 0
[pool-1-thread-1] INFO  Node  - Node 6. Update from neighbour: 3
[pool-1-thread-5] INFO  Node  - Node 1. Update from neighbour: 6
[pool-1-thread-2] INFO  Node  - Node 5. Update from neighbour: 0
[pool-1-thread-3] INFO  Node  - Node 3. Update from neighbour: 5
[pool-1-thread-1] INFO  Node  - Node 6. Update from neighbour: 1
[pool-1-thread-1] INFO  Node  - Node 6. Update from neighbour: 5
[pool-1-thread-4] INFO  Node  - Node 0. Update from neighbour: 1
[pool-1-thread-1] INFO  Node  - Node 6. Update from neighbour: 3
[pool-1-thread-3] INFO  Node  - Node 3. Update from neighbour: 6
[pool-1-thread-3] INFO  Node  - Node 3. Update from neighbour: 2
[pool-1-thread-1] INFO  Node  - Node 6. Update from neighbour: 1
[pool-1-thread-3] INFO  Node  - Node 1. Update from neighbour: 6
[pool-1-thread-4] INFO  Node  - Node 0. Update from neighbour: 6
[pool-1-thread-2] INFO  Node  - Node 5. Updated distance to others: 0: 1 | 1: 4 | 2: 8 | 3: 1 | 4: -1 | 5: 0 | 6: 2
[pool-1-thread-5] INFO  Node  - Node 2. Update from neighbour: 3
[pool-1-thread-2] INFO  Node  - Node 5. Update from neighbour: 6
[pool-1-thread-4] INFO  Node  - Node 0. Update from neighbour: 1
[pool-1-thread-3] INFO  Node  - Node 3. Update from neighbour: 6
[pool-1-thread-1] INFO  Node  - Node 6. Update from neighbour: 0
[pool-1-thread-3] INFO  Node  - Node 3. Updated distance to others: 0: 2 | 1: 3 | 2: 7 | 3: 0 | 4: -1 | 5: 1 | 6: 1
[pool-1-thread-2] INFO  Node  - Node 5. Update from neighbour: 6
[pool-1-thread-5] INFO  Node  - Node 2. Update from neighbour: 1
[pool-1-thread-2] INFO  Node  - Node 5. Update from neighbour: 3
[pool-1-thread-4] INFO  Node  - Node 0. Update from neighbour: 5
[pool-1-thread-1] INFO  Node  - Node 6. Update from neighbour: 1
[pool-1-thread-2] INFO  Node  - Node 3. Update from neighbour: 5
[pool-1-thread-4] INFO  Node  - Node 0. Update from neighbour: 6
[pool-1-thread-5] INFO  Node  - Node 2. Updated distance to others: 0: 7 | 1: 4 | 2: 0 | 3: 10 | 4: -1 | 5: 8 | 6: 6
[pool-1-thread-1] INFO  Node  - Node 6. Update from neighbour: 5
[pool-1-thread-4] INFO  Node  - Node 0. Update from neighbour: 5
[pool-1-thread-3] INFO  Node  - Node 1. Update from neighbour: 2
[pool-1-thread-1] INFO  Node  - Node 6. Update from neighbour: 5
[pool-1-thread-2] INFO  Node  - Node 3. Update from neighbour: 2
[pool-1-thread-5] INFO  Node  - Node 2. Update from neighbour: 3
[pool-1-thread-1] INFO  Node  - Node 6. Update from neighbour: 3
[pool-1-thread-5] INFO  Node  - Node 2. Update from neighbour: 1
[pool-1-thread-5] INFO  Node  - Node 2. Update from neighbour: 1
[pool-1-thread-5] INFO  Node  - Node 2. Updated distance to others: 0: 7 | 1: 4 | 2: 0 | 3: 7 | 4: -1 | 5: 8 | 6: 6
[pool-1-thread-5] INFO  Node  - Node 2. Update from neighbour: 3
[pool-1-thread-3] INFO  Node  - Node 1. Update from neighbour: 2
[pool-1-thread-5] INFO  Node  - Node 3. Update from neighbour: 2
[main] INFO  Node  - Node 6. User update, update edge to 4 by 10 cost
[main] INFO  Node  - Node 6. Updated distance to others: 0: 1 | 1: 2 | 2: 6 | 3: 1 | 4: 10 | 5: 2 | 6: 0
[main] INFO  Node  - Node 4. User update, update edge to 6 by 10 cost
[pool-1-thread-5] INFO  Node  - Node 1. Update from neighbour: 6
[pool-1-thread-4] INFO  Node  - Node 3. Update from neighbour: 6
[pool-1-thread-1] INFO  Node  - Node 4. Update from neighbour: 6
[pool-1-thread-2] INFO  Node  - Node 0. Update from neighbour: 6
[main] INFO  Node  - Node 4. Updated distance to others: 0: -1 | 1: -1 | 2: -1 | 3: -1 | 4: 0 | 5: -1 | 6: 10
[pool-1-thread-5] INFO  Node  - Node 1. Updated distance to others: 0: 3 | 1: 0 | 2: 4 | 3: 3 | 4: 12 | 5: 4 | 6: 2
[pool-1-thread-4] INFO  Node  - Node 3. Updated distance to others: 0: 2 | 1: 3 | 2: 7 | 3: 0 | 4: 11 | 5: 1 | 6: 1
[pool-1-thread-1] INFO  Node  - Node 4. Updated distance to others: 0: 11 | 1: 12 | 2: 16 | 3: 11 | 4: 0 | 5: 12 | 6: 10
[pool-1-thread-2] INFO  Node  - Node 0. Updated distance to others: 0: 0 | 1: 3 | 2: 7 | 3: 2 | 4: 11 | 5: 1 | 6: 1
[pool-1-thread-2] INFO  Node  - Node 0. Update from neighbour: 1
[pool-1-thread-3] INFO  Node  - Node 5. Update from neighbour: 6
[pool-1-thread-1] INFO  Node  - Node 6. Update from neighbour: 4
[pool-1-thread-4] INFO  Node  - Node 2. Update from neighbour: 1
[pool-1-thread-1] INFO  Node  - Node 6. Update from neighbour: 1
[pool-1-thread-4] INFO  Node  - Node 2. Updated distance to others: 0: 7 | 1: 4 | 2: 0 | 3: 7 | 4: 16 | 5: 8 | 6: 6
[pool-1-thread-3] INFO  Node  - Node 5. Updated distance to others: 0: 1 | 1: 4 | 2: 8 | 3: 1 | 4: 15 | 5: 0 | 6: 2
[pool-1-thread-5] INFO  Node  - Node 1. Update from neighbour: 0
[pool-1-thread-4] INFO  Node  - Node 2. Update from neighbour: 3
[pool-1-thread-2] INFO  Node  - Node 3. Update from neighbour: 2
[pool-1-thread-3] INFO  Node  - Node 5. Update from neighbour: 0
[pool-1-thread-1] INFO  Node  - Node 6. Update from neighbour: 4
[pool-1-thread-2] INFO  Node  - Node 3. Update from neighbour: 5
[pool-1-thread-4] INFO  Node  - Node 0. Update from neighbour: 5
[pool-1-thread-1] INFO  Node  - Node 6. Update from neighbour: 0
[pool-1-thread-5] INFO  Node  - Node 1. Update from neighbour: 2
[pool-1-thread-3] INFO  Node  - Node 5. Updated distance to others: 0: 1 | 1: 4 | 2: 8 | 3: 1 | 4: 12 | 5: 0 | 6: 2
[pool-1-thread-2] INFO  Node  - Node 3. Update from neighbour: 5
[pool-1-thread-3] INFO  Node  - Node 5. Update from neighbour: 3
[pool-1-thread-4] INFO  Node  - Node 0. Update from neighbour: 5
[pool-1-thread-1] INFO  Node  - Node 6. Update from neighbour: 3
[pool-1-thread-1] INFO  Node  - Node 6. Update from neighbour: 5
[pool-1-thread-1] INFO  Node  - Node 6. Update from neighbour: 5
[pool-1-thread-3] INFO  Node  - Node 1. Updated distance to others: 0: 3 | 1: 0 | 2: 4 | 3: -1 | 4: -1 | 5: -1 | 6: 2
[pool-1-thread-5] INFO  Node  - Node 3. Updated distance to others: 0: -1 | 1: -1 | 2: 10 | 3: 0 | 4: -1 | 5: 1 | 6: 1
[pool-1-thread-2] INFO  Node  - Node 0. Updated distance to others: 0: 0 | 1: 3 | 2: -1 | 3: -1 | 4: -1 | 5: 1 | 6: 1
[pool-1-thread-1] INFO  Node  - Node 4. Updated distance to others: 0: -1 | 1: -1 | 2: -1 | 3: -1 | 4: 0 | 5: -1 | 6: -1
[pool-1-thread-4] INFO  Node  - Node 2. Updated distance to others: 0: -1 | 1: 4 | 2: 0 | 3: 10 | 4: -1 | 5: -1 | 6: -1
[pool-1-thread-1] INFO  Node  - Node 5. Updated distance to others: 0: 1 | 1: -1 | 2: -1 | 3: 1 | 4: -1 | 5: 0 | 6: 5
[pool-1-thread-5] INFO  Node  - Node 6. Updated distance to others: 0: 1 | 1: 2 | 2: -1 | 3: 1 | 4: -1 | 5: 5 | 6: 0
[pool-1-thread-5] INFO  Node  - Node 0. Update from neighbour: 1
[pool-1-thread-5] INFO  Node  - Node 0. Updated distance to others: 0: 0 | 1: 3 | 2: 7 | 3: -1 | 4: -1 | 5: 1 | 6: 1
[pool-1-thread-4] INFO  Node  - Node 2. Update from neighbour: 3
[pool-1-thread-2] INFO  Node  - Node 6. Update from neighbour: 3
[pool-1-thread-3] INFO  Node  - Node 5. Update from neighbour: 3
[pool-1-thread-5] INFO  Node  - Node 0. Update from neighbour: 5
[pool-1-thread-1] INFO  Node  - Node 1. Update from neighbour: 0
[pool-1-thread-5] INFO  Node  - Node 0. Updated distance to others: 0: 0 | 1: 3 | 2: 7 | 3: 2 | 4: -1 | 5: 1 | 6: 1
[pool-1-thread-3] INFO  Node  - Node 5. Updated distance to others: 0: 1 | 1: -1 | 2: 11 | 3: 1 | 4: -1 | 5: 0 | 6: 2
[pool-1-thread-2] INFO  Node  - Node 6. Updated distance to others: 0: 1 | 1: 2 | 2: 11 | 3: 1 | 4: -1 | 5: 2 | 6: 0
[pool-1-thread-2] INFO  Node  - Node 6. Update from neighbour: 0
[pool-1-thread-4] INFO  Node  - Node 2. Updated distance to others: 0: -1 | 1: 4 | 2: 0 | 3: 10 | 4: -1 | 5: 11 | 6: 11
[pool-1-thread-2] INFO  Node  - Node 6. Update from neighbour: 5
[pool-1-thread-3] INFO  Node  - Node 5. Update from neighbour: 0
[pool-1-thread-5] INFO  Node  - Node 0. Update from neighbour: 6
[pool-1-thread-1] INFO  Node  - Node 1. Updated distance to others: 0: 3 | 1: 0 | 2: 4 | 3: -1 | 4: -1 | 5: 4 | 6: 2
[pool-1-thread-3] INFO  Node  - Node 5. Updated distance to others: 0: 1 | 1: 4 | 2: 11 | 3: 1 | 4: -1 | 5: 0 | 6: 2
[pool-1-thread-2] INFO  Node  - Node 6. Update from neighbour: 1
[pool-1-thread-5] INFO  Node  - Node 3. Update from neighbour: 5
[pool-1-thread-2] INFO  Node  - Node 6. Updated distance to others: 0: 1 | 1: 2 | 2: 6 | 3: 1 | 4: -1 | 5: 2 | 6: 0
[pool-1-thread-5] INFO  Node  - Node 3. Updated distance to others: 0: 2 | 1: -1 | 2: 10 | 3: 0 | 4: -1 | 5: 1 | 6: 1
[pool-1-thread-4] INFO  Node  - Node 2. Update from neighbour: 1
[pool-1-thread-2] INFO  Node  - Node 6. Update from neighbour: 0
[pool-1-thread-1] INFO  Node  - Node 1. Update from neighbour: 6
[pool-1-thread-5] INFO  Node  - Node 3. Update from neighbour: 6
[pool-1-thread-3] INFO  Node  - Node 5. Update from neighbour: 6
[pool-1-thread-4] INFO  Node  - Node 2. Updated distance to others: 0: 7 | 1: 4 | 2: 0 | 3: 10 | 4: -1 | 5: 11 | 6: 6
[pool-1-thread-5] INFO  Node  - Node 3. Updated distance to others: 0: 2 | 1: 3 | 2: 10 | 3: 0 | 4: -1 | 5: 1 | 6: 1
[pool-1-thread-3] INFO  Node  - Node 5. Update from neighbour: 0
[pool-1-thread-1] INFO  Node  - Node 1. Updated distance to others: 0: 3 | 1: 0 | 2: 4 | 3: 3 | 4: -1 | 5: 4 | 6: 2
[pool-1-thread-2] INFO  Node  - Node 6. Update from neighbour: 0
[pool-1-thread-5] INFO  Node  - Node 3. Update from neighbour: 2
[pool-1-thread-4] INFO  Node  - Node 2. Update from neighbour: 3
[pool-1-thread-5] INFO  Node  - Node 3. Update from neighbour: 5
[pool-1-thread-2] INFO  Node  - Node 6. Update from neighbour: 5
[pool-1-thread-1] INFO  Node  - Node 1. Update from neighbour: 2
[pool-1-thread-3] INFO  Node  - Node 5. Updated distance to others: 0: 1 | 1: 4 | 2: 8 | 3: 1 | 4: -1 | 5: 0 | 6: 2
[pool-1-thread-3] INFO  Node  - Node 5. Update from neighbour: 0
[pool-1-thread-3] INFO  Node  - Node 5. Update from neighbour: 6
[pool-1-thread-1] INFO  Node  - Node 1. Update from neighbour: 0
[pool-1-thread-2] INFO  Node  - Node 6. Update from neighbour: 5
[pool-1-thread-5] INFO  Node  - Node 3. Update from neighbour: 6
[pool-1-thread-4] INFO  Node  - Node 2. Update from neighbour: 1
[pool-1-thread-5] INFO  Node  - Node 3. Update from neighbour: 2
[pool-1-thread-5] INFO  Node  - Node 3. Update from neighbour: 5
[pool-1-thread-2] INFO  Node  - Node 6. Update from neighbour: 1
[pool-1-thread-5] INFO  Node  - Node 3. Update from neighbour: 6
[pool-1-thread-1] INFO  Node  - Node 1. Update from neighbour: 0
[pool-1-thread-3] INFO  Node  - Node 5. Update from neighbour: 6
[pool-1-thread-1] INFO  Node  - Node 1. Update from neighbour: 6
[pool-1-thread-5] INFO  Node  - Node 3. Updated distance to others: 0: 2 | 1: 3 | 2: 7 | 3: 0 | 4: -1 | 5: 1 | 6: 1
[pool-1-thread-2] INFO  Node  - Node 6. Update from neighbour: 3
[pool-1-thread-4] INFO  Node  - Node 2. Updated distance to others: 0: 7 | 1: 4 | 2: 0 | 3: 10 | 4: -1 | 5: 8 | 6: 6
[pool-1-thread-2] INFO  Node  - Node 6. Update from neighbour: 3
[pool-1-thread-5] INFO  Node  - Node 3. Update from neighbour: 2
[pool-1-thread-1] INFO  Node  - Node 1. Update from neighbour: 2
[pool-1-thread-3] INFO  Node  - Node 5. Update from neighbour: 3
[pool-1-thread-4] INFO  Node  - Node 2. Update from neighbour: 3
[pool-1-thread-1] INFO  Node  - Node 1. Update from neighbour: 6
[pool-1-thread-3] INFO  Node  - Node 5. Update from neighbour: 3
[pool-1-thread-1] INFO  Node  - Node 1. Update from neighbour: 2
[pool-1-thread-3] INFO  Node  - Node 1. Updated distance to others: 0: 3 | 1: 0 | 2: 4 | 3: -1 | 4: -1 | 5: -1 | 6: 2
[pool-1-thread-1] INFO  Node  - Node 4. Updated distance to others: 0: -1 | 1: -1 | 2: -1 | 3: -1 | 4: 0 | 5: -1 | 6: -1
[pool-1-thread-5] INFO  Node  - Node 3. Updated distance to others: 0: -1 | 1: -1 | 2: 10 | 3: 0 | 4: -1 | 5: 1 | 6: 1
[pool-1-thread-4] INFO  Node  - Node 2. Updated distance to others: 0: -1 | 1: 4 | 2: 0 | 3: 10 | 4: -1 | 5: -1 | 6: -1
[pool-1-thread-2] INFO  Node  - Node 0. Updated distance to others: 0: 0 | 1: 3 | 2: -1 | 3: -1 | 4: -1 | 5: 1 | 6: 1
[pool-1-thread-1] INFO  Node  - Node 5. Updated distance to others: 0: 1 | 1: -1 | 2: -1 | 3: 1 | 4: -1 | 5: 0 | 6: 5
[pool-1-thread-1] INFO  Node  - Node 6. Updated distance to others: 0: 1 | 1: 2 | 2: -1 | 3: 1 | 4: -1 | 5: 5 | 6: 0
[pool-1-thread-4] INFO  Node  - Node 0. Update from neighbour: 1
[pool-1-thread-2] INFO  Node  - Node 1. Update from neighbour: 2
[pool-1-thread-4] INFO  Node  - Node 0. Updated distance to others: 0: 0 | 1: 3 | 2: 7 | 3: -1 | 4: -1 | 5: 1 | 6: 1
[pool-1-thread-2] INFO  Node  - Node 1. Updated distance to others: 0: 3 | 1: 0 | 2: 4 | 3: 14 | 4: -1 | 5: -1 | 6: 2
[pool-1-thread-3] INFO  Node  - Node 3. Update from neighbour: 5
[pool-1-thread-1] INFO  Node  - Node 2. Update from neighbour: 3
[pool-1-thread-2] INFO  Node  - Node 1. Update from neighbour: 0
[pool-1-thread-2] INFO  Node  - Node 1. Updated distance to others: 0: 3 | 1: 0 | 2: 4 | 3: 14 | 4: -1 | 5: 4 | 6: 2
[pool-1-thread-2] INFO  Node  - Node 1. Update from neighbour: 6
[pool-1-thread-2] INFO  Node  - Node 1. Updated distance to others: 0: 3 | 1: 0 | 2: 4 | 3: 3 | 4: -1 | 5: 4 | 6: 2
[pool-1-thread-2] INFO  Node  - Node 5. Update from neighbour: 0
[pool-1-thread-2] INFO  Node  - Node 5. Updated distance to others: 0: 1 | 1: 4 | 2: -1 | 3: 1 | 4: -1 | 5: 0 | 6: 2
[pool-1-thread-3] INFO  Node  - Node 3. Updated distance to others: 0: 2 | 1: -1 | 2: 10 | 3: 0 | 4: -1 | 5: 1 | 6: 1
[pool-1-thread-4] INFO  Node  - Node 0. Update from neighbour: 5
[pool-1-thread-5] INFO  Node  - Node 6. Update from neighbour: 5
[pool-1-thread-4] INFO  Node  - Node 0. Updated distance to others: 0: 0 | 1: 3 | 2: 7 | 3: 2 | 4: -1 | 5: 1 | 6: 1
[pool-1-thread-1] INFO  Node  - Node 2. Updated distance to others: 0: -1 | 1: 4 | 2: 0 | 3: 10 | 4: -1 | 5: 11 | 6: 11
[pool-1-thread-4] INFO  Node  - Node 0. Update from neighbour: 6
[pool-1-thread-5] INFO  Node  - Node 6. Update from neighbour: 0
[pool-1-thread-3] INFO  Node  - Node 3. Update from neighbour: 2
[pool-1-thread-2] INFO  Node  - Node 5. Update from neighbour: 3
[pool-1-thread-3] INFO  Node  - Node 3. Updated distance to others: 0: 2 | 1: 14 | 2: 10 | 3: 0 | 4: -1 | 5: 1 | 6: 1
[pool-1-thread-5] INFO  Node  - Node 6. Updated distance to others: 0: 1 | 1: 2 | 2: -1 | 3: 1 | 4: -1 | 5: 2 | 6: 0
[pool-1-thread-1] INFO  Node  - Node 2. Update from neighbour: 1
[pool-1-thread-3] INFO  Node  - Node 3. Update from neighbour: 6
[pool-1-thread-2] INFO  Node  - Node 5. Updated distance to others: 0: 1 | 1: 4 | 2: 11 | 3: 1 | 4: -1 | 5: 0 | 6: 2
[pool-1-thread-3] INFO  Node  - Node 3. Updated distance to others: 0: 2 | 1: 3 | 2: 10 | 3: 0 | 4: -1 | 5: 1 | 6: 1
[pool-1-thread-1] INFO  Node  - Node 2. Updated distance to others: 0: 7 | 1: 4 | 2: 0 | 3: 10 | 4: -1 | 5: 11 | 6: 6
[pool-1-thread-5] INFO  Node  - Node 6. Update from neighbour: 3
[pool-1-thread-1] INFO  Node  - Node 2. Update from neighbour: 1
[pool-1-thread-3] INFO  Node  - Node 3. Update from neighbour: 5
[pool-1-thread-4] INFO  Node  - Node 1. Update from neighbour: 0
[pool-1-thread-2] INFO  Node  - Node 5. Update from neighbour: 6
[pool-1-thread-4] INFO  Node  - Node 1. Update from neighbour: 0
[pool-1-thread-3] INFO  Node  - Node 3. Update from neighbour: 2
[pool-1-thread-5] INFO  Node  - Node 6. Updated distance to others: 0: 1 | 1: 2 | 2: 11 | 3: 1 | 4: -1 | 5: 2 | 6: 0
[pool-1-thread-1] INFO  Node  - Node 2. Update from neighbour: 1
[pool-1-thread-5] INFO  Node  - Node 6. Update from neighbour: 1
[pool-1-thread-3] INFO  Node  - Node 3. Update from neighbour: 6
[pool-1-thread-4] INFO  Node  - Node 1. Update from neighbour: 2
[pool-1-thread-2] INFO  Node  - Node 5. Update from neighbour: 0
[pool-1-thread-4] INFO  Node  - Node 1. Update from neighbour: 6
[pool-1-thread-3] INFO  Node  - Node 3. Update from neighbour: 5
[pool-1-thread-5] INFO  Node  - Node 6. Updated distance to others: 0: 1 | 1: 2 | 2: 6 | 3: 1 | 4: -1 | 5: 2 | 6: 0
[pool-1-thread-1] INFO  Node  - Node 2. Updated distance to others: 0: 7 | 1: 4 | 2: 0 | 3: 10 | 4: -1 | 5: 8 | 6: 6
[pool-1-thread-5] INFO  Node  - Node 6. Update from neighbour: 0
[pool-1-thread-3] INFO  Node  - Node 0. Update from neighbour: 1
[pool-1-thread-2] INFO  Node  - Node 5. Updated distance to others: 0: 1 | 1: 4 | 2: 8 | 3: 1 | 4: -1 | 5: 0 | 6: 2
[pool-1-thread-3] INFO  Node  - Node 0. Update from neighbour: 1
[pool-1-thread-2] INFO  Node  - Node 5. Update from neighbour: 3
[pool-1-thread-5] INFO  Node  - Node 6. Update from neighbour: 1
[pool-1-thread-1] INFO  Node  - Node 2. Update from neighbour: 1
[pool-1-thread-5] INFO  Node  - Node 6. Update from neighbour: 1
[pool-1-thread-4] INFO  Node  - Node 1. Update from neighbour: 2
[pool-1-thread-5] INFO  Node  - Node 6. Update from neighbour: 1
[pool-1-thread-2] INFO  Node  - Node 5. Update from neighbour: 0
[pool-1-thread-5] INFO  Node  - Node 6. Update from neighbour: 5
[pool-1-thread-3] INFO  Node  - Node 0. Update from neighbour: 1
[pool-1-thread-5] INFO  Node  - Node 6. Update from neighbour: 3
[pool-1-thread-2] INFO  Node  - Node 5. Update from neighbour: 3
[pool-1-thread-4] INFO  Node  - Node 1. Update from neighbour: 6
[pool-1-thread-1] INFO  Node  - Node 2. Updated distance to others: 0: 7 | 1: 4 | 2: 0 | 3: 7 | 4: -1 | 5: 8 | 6: 6
[pool-1-thread-4] INFO  Node  - Node 1. Update from neighbour: 6
[pool-1-thread-1] INFO  Node  - Node 2. Update from neighbour: 3
[pool-1-thread-1] INFO  Node  - Node 2. Update from neighbour: 3
[pool-1-thread-1] INFO  Node  - Node 2. Update from neighbour: 3
[pool-1-thread-2] INFO  Node  - Node 5. Update from neighbour: 6
[pool-1-thread-5] INFO  Node  - Node 6. Update from neighbour: 0
[pool-1-thread-3] INFO  Node  - Node 0. Update from neighbour: 5
[pool-1-thread-3] INFO  Node  - Node 0. Update from neighbour: 6
[pool-1-thread-2] INFO  Node  - Node 5. Update from neighbour: 3
[pool-1-thread-3] INFO  Node  - Node 0. Update from neighbour: 5
[pool-1-thread-1] INFO  Node  - Node 3. Update from neighbour: 2
[pool-1-thread-4] INFO  Node  - Node 1. Update from neighbour: 2
[pool-1-thread-1] INFO  Node  - Node 3. Update from neighbour: 6
[pool-1-thread-3] INFO  Node  - Node 0. Update from neighbour: 6
[pool-1-thread-5] INFO  Node  - Node 6. Update from neighbour: 3
[pool-1-thread-3] INFO  Node  - Node 0. Update from neighbour: 6
[pool-1-thread-5] INFO  Node  - Node 6. Update from neighbour: 5
[pool-1-thread-4] INFO  Node  - Node 1. Update from neighbour: 2
[pool-1-thread-1] INFO  Node  - Node 3. Update from neighbour: 6
[pool-1-thread-2] INFO  Node  - Node 5. Update from neighbour: 6
[pool-1-thread-1] INFO  Node  - Node 3. Updated distance to others: 0: 2 | 1: 3 | 2: 7 | 3: 0 | 4: -1 | 5: 1 | 6: 1
[pool-1-thread-5] INFO  Node  - Node 6. Update from neighbour: 3
[pool-1-thread-3] INFO  Node  - Node 0. Update from neighbour: 5
[pool-1-thread-4] INFO  Node  - Node 2. Update from neighbour: 3
[pool-1-thread-5] INFO  Node  - Node 6. Update from neighbour: 5
[pool-1-thread-1] INFO  Node  - Node 3. Update from neighbour: 2
[pool-1-thread-2] INFO  Node  - Node 5. Update from neighbour: 6
[pool-1-thread-1] INFO  Node  - Node 3. Update from neighbour: 5
[pool-1-thread-2] INFO  Node  - Node 5. Update from neighbour: 3
[pool-1-thread-5] INFO  Node  - Node 6. Update from neighbour: 3
[pool-1-thread-1] INFO  Node  - Node 3. Update from neighbour: 2
[main] INFO  Node  - Node 3. User update, update edge to 4 by 5 cost
[main] INFO  Node  - Node 3. Updated distance to others: 0: 2 | 1: 3 | 2: 7 | 3: 0 | 4: 5 | 5: 1 | 6: 1
[main] INFO  Node  - Node 4. User update, update edge to 3 by 5 cost
[main] INFO  Node  - Node 4. Updated distance to others: 0: -1 | 1: -1 | 2: -1 | 3: 5 | 4: 0 | 5: -1 | 6: -1
[pool-1-thread-2] INFO  Node  - Node 4. Update from neighbour: 3
[pool-1-thread-5] INFO  Node  - Node 5. Update from neighbour: 3
[pool-1-thread-1] INFO  Node  - Node 3. Update from neighbour: 4
[pool-1-thread-4] INFO  Node  - Node 2. Update from neighbour: 3
[pool-1-thread-5] INFO  Node  - Node 5. Updated distance to others: 0: 1 | 1: 4 | 2: 8 | 3: 1 | 4: 6 | 5: 0 | 6: 2
[pool-1-thread-3] INFO  Node  - Node 6. Update from neighbour: 3
[pool-1-thread-3] INFO  Node  - Node 6. Updated distance to others: 0: 1 | 1: 2 | 2: 6 | 3: 1 | 4: 6 | 5: 2 | 6: 0
[pool-1-thread-5] INFO  Node  - Node 0. Update from neighbour: 5
[pool-1-thread-3] INFO  Node  - Node 6. Update from neighbour: 5
[pool-1-thread-1] INFO  Node  - Node 3. Update from neighbour: 5
[pool-1-thread-1] INFO  Node  - Node 3. Update from neighbour: 6
[pool-1-thread-1] INFO  Node  - Node 5. Update from neighbour: 6
[pool-1-thread-2] INFO  Node  - Node 4. Updated distance to others: 0: 7 | 1: 8 | 2: 12 | 3: 5 | 4: 0 | 5: 6 | 6: 6
[pool-1-thread-3] INFO  Node  - Node 1. Update from neighbour: 6
[pool-1-thread-2] INFO  Node  - Node 3. Update from neighbour: 4
[pool-1-thread-3] INFO  Node  - Node 1. Updated distance to others: 0: 3 | 1: 0 | 2: 4 | 3: 3 | 4: 8 | 5: 4 | 6: 2
[pool-1-thread-5] INFO  Node  - Node 0. Updated distance to others: 0: 0 | 1: 3 | 2: 7 | 3: 2 | 4: 7 | 5: 1 | 6: 1
[pool-1-thread-5] INFO  Node  - Node 0. Update from neighbour: 6
[pool-1-thread-5] INFO  Node  - Node 0. Update from neighbour: 1
[pool-1-thread-3] INFO  Node  - Node 1. Update from neighbour: 0
[pool-1-thread-3] INFO  Node  - Node 6. Update from neighbour: 0
[pool-1-thread-3] INFO  Node  - Node 6. Update from neighbour: 1
[pool-1-thread-4] INFO  Node  - Node 2. Updated distance to others: 0: 7 | 1: 4 | 2: 0 | 3: 7 | 4: 15 | 5: 8 | 6: 6
[pool-1-thread-4] INFO  Node  - Node 2. Update from neighbour: 1
[pool-1-thread-5] INFO  Node  - Node 5. Update from neighbour: 0
[pool-1-thread-1] INFO  Node  - Node 1. Update from neighbour: 2
[pool-1-thread-4] INFO  Node  - Node 2. Updated distance to others: 0: 7 | 1: 4 | 2: 0 | 3: 7 | 4: 12 | 5: 8 | 6: 6
[pool-1-thread-4] INFO  Node  - Node 1. Update from neighbour: 2
[pool-1-thread-5] INFO  Node  - Node 3. Update from neighbour: 2
[pool-1-thread-5] INFO  Node  - Node 3. Update from neighbour: 2
[pool-1-thread-2] INFO  Node  - Node 0. Updated distance to others: 0: 0 | 1: 3 | 2: -1 | 3: -1 | 4: -1 | 5: 1 | 6: 1
[pool-1-thread-3] INFO  Node  - Node 1. Updated distance to others: 0: 3 | 1: 0 | 2: 4 | 3: -1 | 4: -1 | 5: -1 | 6: 2
[pool-1-thread-5] INFO  Node  - Node 3. Updated distance to others: 0: -1 | 1: -1 | 2: 10 | 3: 0 | 4: -1 | 5: 1 | 6: 1
[pool-1-thread-1] INFO  Node  - Node 4. Updated distance to others: 0: -1 | 1: -1 | 2: -1 | 3: -1 | 4: 0 | 5: -1 | 6: -1
[pool-1-thread-4] INFO  Node  - Node 2. Updated distance to others: 0: -1 | 1: 4 | 2: 0 | 3: 10 | 4: -1 | 5: -1 | 6: -1
[pool-1-thread-5] INFO  Node  - Node 6. Updated distance to others: 0: 1 | 1: 2 | 2: -1 | 3: 1 | 4: -1 | 5: 5 | 6: 0
[pool-1-thread-1] INFO  Node  - Node 5. Updated distance to others: 0: 1 | 1: -1 | 2: -1 | 3: 1 | 4: -1 | 5: 0 | 6: 5
[pool-1-thread-4] INFO  Node  - Node 0. Update from neighbour: 1
[pool-1-thread-5] INFO  Node  - Node 1. Update from neighbour: 0
[pool-1-thread-3] INFO  Node  - Node 5. Update from neighbour: 3
[pool-1-thread-1] INFO  Node  - Node 2. Update from neighbour: 3
[pool-1-thread-4] INFO  Node  - Node 0. Updated distance to others: 0: 0 | 1: 3 | 2: 7 | 3: -1 | 4: -1 | 5: 1 | 6: 1
[pool-1-thread-1] INFO  Node  - Node 2. Updated distance to others: 0: -1 | 1: 4 | 2: 0 | 3: 10 | 4: -1 | 5: 11 | 6: 11
[pool-1-thread-3] INFO  Node  - Node 5. Updated distance to others: 0: 1 | 1: -1 | 2: 11 | 3: 1 | 4: -1 | 5: 0 | 6: 2
[pool-1-thread-5] INFO  Node  - Node 1. Updated distance to others: 0: 3 | 1: 0 | 2: 4 | 3: -1 | 4: -1 | 5: 4 | 6: 2
[pool-1-thread-2] INFO  Node  - Node 6. Update from neighbour: 3
[pool-1-thread-5] INFO  Node  - Node 1. Update from neighbour: 2
[pool-1-thread-5] INFO  Node  - Node 1. Updated distance to others: 0: 3 | 1: 0 | 2: 4 | 3: 14 | 4: -1 | 5: 4 | 6: 2
[pool-1-thread-5] INFO  Node  - Node 1. Update from neighbour: 6
[pool-1-thread-3] INFO  Node  - Node 5. Update from neighbour: 0
[pool-1-thread-1] INFO  Node  - Node 2. Update from neighbour: 1
[pool-1-thread-4] INFO  Node  - Node 0. Update from neighbour: 6
[pool-1-thread-1] INFO  Node  - Node 2. Updated distance to others: 0: 7 | 1: 4 | 2: 0 | 3: 10 | 4: -1 | 5: 11 | 6: 6
[pool-1-thread-3] INFO  Node  - Node 5. Updated distance to others: 0: 1 | 1: 4 | 2: 11 | 3: 1 | 4: -1 | 5: 0 | 6: 2
[pool-1-thread-5] INFO  Node  - Node 1. Updated distance to others: 0: 3 | 1: 0 | 2: 4 | 3: 3 | 4: -1 | 5: 4 | 6: 2
[pool-1-thread-2] INFO  Node  - Node 6. Updated distance to others: 0: 1 | 1: 2 | 2: 11 | 3: 1 | 4: -1 | 5: 2 | 6: 0
[pool-1-thread-4] INFO  Node  - Node 0. Updated distance to others: 0: 0 | 1: 3 | 2: 7 | 3: 2 | 4: -1 | 5: 1 | 6: 1
[pool-1-thread-2] INFO  Node  - Node 6. Update from neighbour: 0
[pool-1-thread-4] INFO  Node  - Node 0. Update from neighbour: 5
[pool-1-thread-3] INFO  Node  - Node 5. Update from neighbour: 6
[pool-1-thread-4] INFO  Node  - Node 1. Update from neighbour: 0
[pool-1-thread-1] INFO  Node  - Node 3. Update from neighbour: 2
[pool-1-thread-1] INFO  Node  - Node 3. Updated distance to others: 0: -1 | 1: 14 | 2: 10 | 3: 0 | 4: -1 | 5: 1 | 6: 1
[pool-1-thread-4] INFO  Node  - Node 1. Update from neighbour: 2
[pool-1-thread-2] INFO  Node  - Node 6. Update from neighbour: 5
[pool-1-thread-4] INFO  Node  - Node 1. Update from neighbour: 2
[pool-1-thread-4] INFO  Node  - Node 1. Update from neighbour: 0
[pool-1-thread-4] INFO  Node  - Node 1. Update from neighbour: 6
[pool-1-thread-2] INFO  Node  - Node 6. Update from neighbour: 1
[pool-1-thread-4] INFO  Node  - Node 2. Update from neighbour: 1
[pool-1-thread-1] INFO  Node  - Node 3. Update from neighbour: 6
[pool-1-thread-5] INFO  Node  - Node 0. Update from neighbour: 5
[pool-1-thread-3] INFO  Node  - Node 5. Update from neighbour: 0
[pool-1-thread-5] INFO  Node  - Node 0. Update from neighbour: 1
[pool-1-thread-1] INFO  Node  - Node 3. Updated distance to others: 0: 2 | 1: 3 | 2: 10 | 3: 0 | 4: -1 | 5: 1 | 6: 1
[pool-1-thread-4] INFO  Node  - Node 2. Updated distance to others: 0: 7 | 1: 4 | 2: 0 | 3: 10 | 4: -1 | 5: 8 | 6: 6
[pool-1-thread-1] INFO  Node  - Node 3. Update from neighbour: 5
[pool-1-thread-1] INFO  Node  - Node 3. Update from neighbour: 2
[pool-1-thread-2] INFO  Node  - Node 6. Updated distance to others: 0: 1 | 1: 2 | 2: 6 | 3: 1 | 4: -1 | 5: 2 | 6: 0
[pool-1-thread-1] INFO  Node  - Node 3. Update from neighbour: 5
[pool-1-thread-1] INFO  Node  - Node 3. Update from neighbour: 6
[pool-1-thread-4] INFO  Node  - Node 2. Update from neighbour: 1
[pool-1-thread-5] INFO  Node  - Node 0. Update from neighbour: 1
[pool-1-thread-3] INFO  Node  - Node 5. Updated distance to others: 0: 1 | 1: 4 | 2: 8 | 3: 1 | 4: -1 | 5: 0 | 6: 2
[pool-1-thread-4] INFO  Node  - Node 2. Update from neighbour: 1
[pool-1-thread-2] INFO  Node  - Node 6. Update from neighbour: 0
[pool-1-thread-1] INFO  Node  - Node 3. Update from neighbour: 2
[pool-1-thread-4] INFO  Node  - Node 2. Updated distance to others: 0: 7 | 1: 4 | 2: 0 | 3: 7 | 4: -1 | 5: 8 | 6: 6
[pool-1-thread-2] INFO  Node  - Node 6. Update from neighbour: 5
[pool-1-thread-5] INFO  Node  - Node 0. Update from neighbour: 5
[pool-1-thread-3] INFO  Node  - Node 5. Update from neighbour: 6
[pool-1-thread-3] INFO  Node  - Node 5. Update from neighbour: 0
[pool-1-thread-2] INFO  Node  - Node 6. Update from neighbour: 1
[pool-1-thread-1] INFO  Node  - Node 3. Update from neighbour: 5
[pool-1-thread-2] INFO  Node  - Node 6. Update from neighbour: 1
[pool-1-thread-4] INFO  Node  - Node 2. Update from neighbour: 3
[pool-1-thread-3] INFO  Node  - Node 5. Update from neighbour: 3
[pool-1-thread-5] INFO  Node  - Node 0. Update from neighbour: 1
[pool-1-thread-3] INFO  Node  - Node 5. Update from neighbour: 3
[pool-1-thread-4] INFO  Node  - Node 2. Update from neighbour: 3
[pool-1-thread-2] INFO  Node  - Node 6. Update from neighbour: 0
[pool-1-thread-1] INFO  Node  - Node 3. Update from neighbour: 2
[pool-1-thread-2] INFO  Node  - Node 6. Update from neighbour: 5
[pool-1-thread-4] INFO  Node  - Node 1. Update from neighbour: 2
[pool-1-thread-3] INFO  Node  - Node 5. Update from neighbour: 6
[pool-1-thread-5] INFO  Node  - Node 0. Update from neighbour: 6
[pool-1-thread-4] INFO  Node  - Node 1. Update from neighbour: 6
[pool-1-thread-5] INFO  Node  - Node 0. Update from neighbour: 6
[pool-1-thread-2] INFO  Node  - Node 6. Update from neighbour: 1
[pool-1-thread-1] INFO  Node  - Node 3. Update from neighbour: 6
[pool-1-thread-2] INFO  Node  - Node 6. Update from neighbour: 3
[pool-1-thread-5] INFO  Node  - Node 0. Update from neighbour: 5
[pool-1-thread-4] INFO  Node  - Node 1. Update from neighbour: 2
[pool-1-thread-1] INFO  Node  - Node 3. Updated distance to others: 0: 2 | 1: 3 | 2: 7 | 3: 0 | 4: -1 | 5: 1 | 6: 1
[pool-1-thread-2] INFO  Node  - Node 6. Update from neighbour: 3
[pool-1-thread-1] INFO  Node  - Node 3. Update from neighbour: 5
[pool-1-thread-2] INFO  Node  - Node 6. Update from neighbour: 5
[pool-1-thread-1] INFO  Node  - Node 3. Update from neighbour: 2
[pool-1-thread-5] INFO  Node  - Node 5. Update from neighbour: 3
[pool-1-thread-2] INFO  Node  - Node 6. Update from neighbour: 3
[pool-1-thread-3] INFO  Node  - Node 2. Update from neighbour: 3
